<?xml version="1.0" encoding="UTF-8" ?>
<testsuite errors="0" failures="0" hostname="Shweta-Home" name="hotel.regression.HomePageTests" skipped="0" tests="1" time="10.666" timestamp="2017-02-20T02:43:31">
  <properties>
    <property name="java.vendor" value="Oracle Corporation" />
    <property name="env.USERDOMAIN_ROAMINGPROFILE" value="SHWETA-HOME" />
    <property name="sun.java.launcher" value="SUN_STANDARD" />
    <property name="sun.management.compiler" value="HotSpot 64-Bit Tiered Compilers" />
    <property name="env.PROMPT" value="$P$G" />
    <property name="os.name" value="Windows 10" />
    <property name="sun.boot.class.path" value="C:\Program Files\Java\jre1.8.0_112\lib\resources.jar;C:\Program Files\Java\jre1.8.0_112\lib\rt.jar;C:\Program Files\Java\jre1.8.0_112\lib\sunrsasign.jar;C:\Program Files\Java\jre1.8.0_112\lib\jsse.jar;C:\Program Files\Java\jre1.8.0_112\lib\jce.jar;C:\Program Files\Java\jre1.8.0_112\lib\charsets.jar;C:\Program Files\Java\jre1.8.0_112\lib\jfr.jar;C:\Program Files\Java\jre1.8.0_112\classes" />
    <property name="env.COMPUTERNAME" value="SHWETA-HOME" />
    <property name="env.CommonProgramW6432" value="C:\Program Files\Common Files" />
    <property name="env.ALLUSERSPROFILE" value="C:\ProgramData" />
    <property name="sun.desktop" value="windows" />
    <property name="java.vm.specification.vendor" value="Oracle Corporation" />
    <property name="ant.home" value="C:\apache-ant-1.10.1-bin\apache-ant-1.10.1" />
    <property name="java.runtime.version" value="1.8.0_112-b15" />
    <property name="env.HOMEPATH" value="\Users\Shweta" />
    <property name="user.name" value="Shweta" />
    <property name="ant.file.SeleniumDemo" value="D:\Study_Material\Sel_Pyth\Workspace\SeleniumDemo\build.xml" />
    <property name="user.language" value="en" />
    <property name="ant.file.type.SeleniumDemo" value="file" />
    <property name="sun.boot.library.path" value="C:\Program Files\Java\jre1.8.0_112\bin" />
    <property name="ant.project.default-target" value="build" />
    <property name="ant.project.name" value="SeleniumDemo" />
    <property name="java.version" value="1.8.0_112" />
    <property name="env.PROCESSOR_IDENTIFIER" value="Intel64 Family 6 Model 69 Stepping 1, GenuineIntel" />
    <property name="user.timezone" value="" />
    <property name="env.TEMP" value="C:\Users\Shweta\AppData\Local\Temp" />
    <property name="sun.arch.data.model" value="64" />
    <property name="java.endorsed.dirs" value="C:\Program Files\Java\jre1.8.0_112\lib\endorsed" />
    <property name="env._JAVACMD" value="java.exe" />
    <property name="sun.cpu.isalist" value="amd64" />
    <property name="env.HOMEDRIVE" value="C:" />
    <property name="sun.jnu.encoding" value="Cp1252" />
    <property name="file.encoding.pkg" value="sun.io" />
    <property name="ECLIPSE_HOME" value="../../eclipse-jee-neon-2-win32-x86_64/eclipse/" />
    <property name="file.separator" value="\" />
    <property name="java.specification.name" value="Java Platform API Specification" />
    <property name="java.class.version" value="52.0" />
    <property name="user.country" value="US" />
    <property name="java.home" value="C:\Program Files\Java\jre1.8.0_112" />
    <property name="env.PSModulePath" value="C:\Program Files\WindowsPowerShell\Modules;C:\WINDOWS\system32\WindowsPowerShell\v1.0\Modules" />
    <property name="env.APPDATA" value="C:\Users\Shweta\AppData\Roaming" />
    <property name="env.PUBLIC" value="C:\Users\Public" />
    <property name="java.vm.info" value="mixed mode" />
    <property name="env.ComSpec" value="C:\WINDOWS\system32\cmd.exe" />
    <property name="env.OS" value="Windows_NT" />
    <property name="env.CommonProgramFiles" value="C:\Program Files\Common Files" />
    <property name="ant.file" value="D:\Study_Material\Sel_Pyth\Workspace\SeleniumDemo\build.xml" />
    <property name="os.version" value="10.0" />
    <property name="env.ProgramW6432" value="C:\Program Files" />
    <property name="env._USE_CLASSPATH" value="no" />
    <property name="path.separator" value=";" />
    <property name="java.vm.version" value="25.112-b15" />
    <property name="user.variant" value="" />
    <property name="env.USERPROFILE" value="C:\Users\Shweta" />
    <property name="ant.library.dir" value="C:\apache-ant-1.10.1-bin\apache-ant-1.10.1\lib" />
    <property name="junit.output.dir" value="junit" />
    <property name="java.awt.printerjob" value="sun.awt.windows.WPrinterJob" />
    <property name="env.TMP" value="C:\Users\Shweta\AppData\Local\Temp" />
    <property name="sun.io.unicode.encoding" value="UnicodeLittle" />
    <property name="awt.toolkit" value="sun.awt.windows.WToolkit" />
    <property name="sun.stdout.encoding" value="cp437" />
    <property name="user.script" value="" />
    <property name="user.home" value="C:\Users\Shweta" />
    <property name="target" value="1.8" />
    <property name="env.ProgramData" value="C:\ProgramData" />
    <property name="env.SESSIONNAME" value="Console" />
    <property name="env.ProgramFiles(x86)" value="C:\Program Files (x86)" />
    <property name="java.specification.vendor" value="Oracle Corporation" />
    <property name="env.NUMBER_OF_PROCESSORS" value="4" />
    <property name="java.library.path" value="C:\Program Files\Java\jre1.8.0_112\bin;C:\WINDOWS\Sun\Java\bin;C:\WINDOWS\system32;C:\WINDOWS;C:\Program Files\Python36\Scripts\;C:\Program Files\Python36\;C:\ProgramData\Oracle\Java\javapath;C:\Program Files\Common Files\Microsoft Shared\Microsoft Online Services;C:\Program Files (x86)\Common Files\Microsoft Shared\Microsoft Online Services;C:\WINDOWS\system32;C:\WINDOWS;C:\WINDOWS\System32\Wbem;C:\WINDOWS\System32\WindowsPowerShell\v1.0\;C:\Program Files (x86)\Windows Kits\8.1\Windows Performance Toolkit\;C:\Program Files\Microsoft SQL Server\110\Tools\Binn\;C:\Program Files\TortoiseSVN\bin;C:\Program Files (x86)\Skype\Phone\;C:\Program Files\Java\jdk1.8.0_112\bin;C:\Program Files\Python36\Lib\site-packages\selenium;C:\Program Files (x86)\Google\Chrome\Application;C:\apache-ant-1.10.1-bin\apache-ant-1.10.1\bin;C:\Users\Shweta\AppData\Local\Microsoft\WindowsApps;;." />
    <property name="java.vendor.url" value="http://java.oracle.com/" />
    <property name="java.vm.vendor" value="Oracle Corporation" />
    <property name="java.runtime.name" value="Java(TM) SE Runtime Environment" />
    <property name="ant.version" value="Apache Ant(TM) version 1.10.1 compiled on February 2 2017" />
    <property name="sun.java.command" value="org.apache.tools.ant.taskdefs.optional.junit.JUnitTestRunner hotel.regression.HomePageTests skipNonTests=false filtertrace=true haltOnError=false haltOnFailure=false formatter=org.apache.tools.ant.taskdefs.optional.junit.OutErrSummaryJUnitResultFormatter showoutput=false outputtoformatters=true logfailedtests=true threadid=0 logtestlistenerevents=false formatter=org.apache.tools.ant.taskdefs.optional.junit.XMLJUnitResultFormatter,D:\Study_Material\Sel_Pyth\Workspace\SeleniumDemo\junit\TEST-hotel.regression.HomePageTests.xml crashfile=D:\Study_Material\Sel_Pyth\Workspace\SeleniumDemo\junitvmwatcher5695384793496666495.properties propsfile=D:\Study_Material\Sel_Pyth\Workspace\SeleniumDemo\junit3172649976858807235.properties" />
    <property name="java.class.path" value="D:\Study_Material\Sel_Pyth\Workspace\SeleniumDemo\bin;D:\Study_Material\Sel_Pyth\Workspace\SeleniumDemo\lib\cglib-nodep-3.2.4.jar;D:\Study_Material\Sel_Pyth\Workspace\SeleniumDemo\lib\client-combined-3.0.1-nodeps.jar;D:\Study_Material\Sel_Pyth\Workspace\SeleniumDemo\lib\commons-codec-1.10.jar;D:\Study_Material\Sel_Pyth\Workspace\SeleniumDemo\lib\commons-collections4-4.1.jar;D:\Study_Material\Sel_Pyth\Workspace\SeleniumDemo\lib\commons-exec-1.3.jar;D:\Study_Material\Sel_Pyth\Workspace\SeleniumDemo\lib\commons-io-2.5.jar;D:\Study_Material\Sel_Pyth\Workspace\SeleniumDemo\lib\commons-lang3-3.4.jar;D:\Study_Material\Sel_Pyth\Workspace\SeleniumDemo\lib\commons-logging-1.2.jar;D:\Study_Material\Sel_Pyth\Workspace\SeleniumDemo\lib\cssparser-0.9.20.jar;D:\Study_Material\Sel_Pyth\Workspace\SeleniumDemo\lib\curvesapi-1.04.jar;D:\Study_Material\Sel_Pyth\Workspace\SeleniumDemo\lib\gson-2.3.1.jar;D:\Study_Material\Sel_Pyth\Workspace\SeleniumDemo\lib\guava-19.0.jar;D:\Study_Material\Sel_Pyth\Workspace\SeleniumDemo\lib\hamcrest-core-1.3.jar;D:\Study_Material\Sel_Pyth\Workspace\SeleniumDemo\lib\hamcrest-library-1.3.jar;D:\Study_Material\Sel_Pyth\Workspace\SeleniumDemo\lib\htmlunit-2.23.jar;D:\Study_Material\Sel_Pyth\Workspace\SeleniumDemo\lib\htmlunit-core-js-2.23.jar;D:\Study_Material\Sel_Pyth\Workspace\SeleniumDemo\lib\httpclient-4.5.2.jar;D:\Study_Material\Sel_Pyth\Workspace\SeleniumDemo\lib\httpcore-4.4.4.jar;D:\Study_Material\Sel_Pyth\Workspace\SeleniumDemo\lib\httpmime-4.5.2.jar;D:\Study_Material\Sel_Pyth\Workspace\SeleniumDemo\lib\javax.servlet-api-3.1.0.jar;D:\Study_Material\Sel_Pyth\Workspace\SeleniumDemo\lib\jetty-io-9.2.13.v20150730.jar;D:\Study_Material\Sel_Pyth\Workspace\SeleniumDemo\lib\jetty-util-9.2.13.v20150730.jar;D:\Study_Material\Sel_Pyth\Workspace\SeleniumDemo\lib\jna-4.1.0.jar;D:\Study_Material\Sel_Pyth\Workspace\SeleniumDemo\lib\jna-platform-4.1.0.jar;D:\Study_Material\Sel_Pyth\Workspace\SeleniumDemo\lib\junit-4.12.jar;D:\Study_Material\Sel_Pyth\Workspace\SeleniumDemo\lib\log4j-1.2.17.jar;D:\Study_Material\Sel_Pyth\Workspace\SeleniumDemo\lib\neko-htmlunit-2.23.jar;D:\Study_Material\Sel_Pyth\Workspace\SeleniumDemo\lib\netty-3.5.7.Final.jar;D:\Study_Material\Sel_Pyth\Workspace\SeleniumDemo\lib\phantomjsdriver-1.3.0.jar;D:\Study_Material\Sel_Pyth\Workspace\SeleniumDemo\lib\poi-3.15.jar;D:\Study_Material\Sel_Pyth\Workspace\SeleniumDemo\lib\poi-examples-3.15.jar;D:\Study_Material\Sel_Pyth\Workspace\SeleniumDemo\lib\poi-excelant-3.15.jar;D:\Study_Material\Sel_Pyth\Workspace\SeleniumDemo\lib\poi-ooxml-3.15.jar;D:\Study_Material\Sel_Pyth\Workspace\SeleniumDemo\lib\poi-ooxml-schemas-3.15.jar;D:\Study_Material\Sel_Pyth\Workspace\SeleniumDemo\lib\poi-scratchpad-3.15.jar;D:\Study_Material\Sel_Pyth\Workspace\SeleniumDemo\lib\sac-1.3.jar;D:\Study_Material\Sel_Pyth\Workspace\SeleniumDemo\lib\serializer-2.7.2.jar;D:\Study_Material\Sel_Pyth\Workspace\SeleniumDemo\lib\websocket-api-9.2.15.v20160210.jar;D:\Study_Material\Sel_Pyth\Workspace\SeleniumDemo\lib\websocket-client-9.2.15.v20160210.jar;D:\Study_Material\Sel_Pyth\Workspace\SeleniumDemo\lib\websocket-common-9.2.15.v20160210.jar;D:\Study_Material\Sel_Pyth\Workspace\SeleniumDemo\lib\xalan-2.7.2.jar;D:\Study_Material\Sel_Pyth\Workspace\SeleniumDemo\lib\xercesImpl-2.11.0.jar;D:\Study_Material\Sel_Pyth\Workspace\SeleniumDemo\lib\xml-apis-1.4.01.jar;D:\Study_Material\Sel_Pyth\Workspace\SeleniumDemo\lib\xmlbeans-2.6.0.jar;C:\apache-ant-1.10.1-bin\apache-ant-1.10.1\lib\junit-4.11.jar;C:\apache-ant-1.10.1-bin\apache-ant-1.10.1\lib\ant-launcher.jar;C:\apache-ant-1.10.1-bin\apache-ant-1.10.1\lib\ant.jar;C:\apache-ant-1.10.1-bin\apache-ant-1.10.1\lib\ant-junit.jar;C:\apache-ant-1.10.1-bin\apache-ant-1.10.1\lib\ant-junit4.jar" />
    <property name="java.vm.specification.name" value="Java Virtual Machine Specification" />
    <property name="ant.file.type" value="file" />
    <property name="env.LOGONSERVER" value="\\SHWETA-HOME" />
    <property name="env.windir" value="C:\WINDOWS" />
    <property name="java.vm.specification.version" value="1.8" />
    <property name="env.PROCESSOR_ARCHITECTURE" value="AMD64" />
    <property name="sun.os.patch.level" value="" />
    <property name="sun.cpu.endian" value="little" />
    <property name="debuglevel" value="source,lines,vars" />
    <property name="env.OneDrive" value="C:\Users\Shweta\OneDrive" />
    <property name="env.ProgramFiles" value="C:\Program Files" />
    <property name="env.ANT_HOME" value="C:\apache-ant-1.10.1-bin\apache-ant-1.10.1" />
    <property name="env.PROCESSOR_REVISION" value="4501" />
    <property name="java.io.tmpdir" value="C:\Users\Shweta\AppData\Local\Temp\" />
    <property name="env.CommonProgramFiles(x86)" value="C:\Program Files (x86)\Common Files" />
    <property name="env.VS120COMNTOOLS" value="C:\Program Files (x86)\Microsoft Visual Studio 12.0\Common7\Tools\" />
    <property name="java.vendor.url.bug" value="http://bugreport.sun.com/bugreport/" />
    <property name="env.SystemRoot" value="C:\WINDOWS" />
    <property name="java.awt.graphicsenv" value="sun.awt.Win32GraphicsEnvironment" />
    <property name="os.arch" value="amd64" />
    <property name="env.ANT_CMD_LINE_ARGS" value=" HomePageTests" />
    <property name="env.=D:" value="D:\Study_Material\Sel_Pyth\Workspace\SeleniumDemo" />
    <property name="java.ext.dirs" value="C:\Program Files\Java\jre1.8.0_112\lib\ext;C:\WINDOWS\Sun\Java\lib\ext" />
    <property name="env.LOCALAPPDATA" value="C:\Users\Shweta\AppData\Local" />
    <property name="user.dir" value="D:\Study_Material\Sel_Pyth\Workspace\SeleniumDemo" />
    <property name="line.separator" value="&#xd;&#xa;" />
    <property name="java.vm.name" value="Java HotSpot(TM) 64-Bit Server VM" />
    <property name="env.PATHEXT" value=".COM;.EXE;.BAT;.CMD;.VBS;.VBE;.JS;.JSE;.WSF;.WSH;.MSC;.PY;.PYW" />
    <property name="env.Path" value="C:\Program Files\Python36\Scripts\;C:\Program Files\Python36\;C:\ProgramData\Oracle\Java\javapath;C:\Program Files\Common Files\Microsoft Shared\Microsoft Online Services;C:\Program Files (x86)\Common Files\Microsoft Shared\Microsoft Online Services;C:\WINDOWS\system32;C:\WINDOWS;C:\WINDOWS\System32\Wbem;C:\WINDOWS\System32\WindowsPowerShell\v1.0\;C:\Program Files (x86)\Windows Kits\8.1\Windows Performance Toolkit\;C:\Program Files\Microsoft SQL Server\110\Tools\Binn\;C:\Program Files\TortoiseSVN\bin;C:\Program Files (x86)\Skype\Phone\;C:\Program Files\Java\jdk1.8.0_112\bin;C:\Program Files\Python36\Lib\site-packages\selenium;C:\Program Files (x86)\Google\Chrome\Application;C:\apache-ant-1.10.1-bin\apache-ant-1.10.1\bin;C:\Users\Shweta\AppData\Local\Microsoft\WindowsApps;" />
    <property name="basedir" value="D:\Study_Material\Sel_Pyth\Workspace\SeleniumDemo" />
    <property name="ant.java.version" value="1.8" />
    <property name="ant.core.lib" value="C:\apache-ant-1.10.1-bin\apache-ant-1.10.1\lib\ant.jar" />
    <property name="env.USERNAME" value="Shweta" />
    <property name="source" value="1.8" />
    <property name="env.SystemDrive" value="C:" />
    <property name="file.encoding" value="Cp1252" />
    <property name="sun.stderr.encoding" value="cp437" />
    <property name="env.USERDOMAIN" value="SHWETA-HOME" />
    <property name="java.specification.version" value="1.8" />
    <property name="ant.project.invoked-targets" value="HomePageTests" />
    <property name="env.VBOX_MSI_INSTALL_PATH" value="E:\VirtualBox\" />
    <property name="env.PROCESSOR_LEVEL" value="6" />
  </properties>
  <testcase classname="hotel.regression.HomePageTests" name="loginTest" time="10.457" />
  <system-out><![CDATA[]]></system-out>
  <system-err><![CDATA[Starting ChromeDriver 2.27.440174 (e97a722caafc2d3a8b807ee115bfb307f7d2cfd9) on port 2677
Only local connections are allowed.
Feb 19, 2017 6:43:33 PM org.openqa.selenium.remote.ProtocolHandshake createSession
INFO: Attempting bi-dialect session, assuming Postel's Law holds true on the remote end
Feb 19, 2017 6:43:35 PM org.openqa.selenium.remote.ProtocolHandshake createSession
INFO: Detected dialect: OSS
]]></system-err>
</testsuite>
